g:\variety projects\combat system\turnbasedcombat\debug\vc142.pdb
g:\variety projects\combat system\turnbasedcombat\debug\vc142.idb
g:\variety projects\combat system\turnbasedcombat\debug\source.obj
g:\variety projects\combat system\turnbasedcombat\debug\gamemanager.obj
g:\variety projects\combat system\turnbasedcombat\debug\turnbasedcombat.pdb
g:\variety projects\combat system\turnbasedcombat\debug\turnbasedcombat.tlog\cl.command.1.tlog
g:\variety projects\combat system\turnbasedcombat\debug\turnbasedcombat.tlog\cl.read.1.tlog
g:\variety projects\combat system\turnbasedcombat\debug\turnbasedcombat.tlog\cl.write.1.tlog
g:\variety projects\combat system\turnbasedcombat\debug\turnbasedcombat.tlog\link-cvtres.read.1.tlog
g:\variety projects\combat system\turnbasedcombat\debug\turnbasedcombat.tlog\link-cvtres.write.1.tlog
g:\variety projects\combat system\turnbasedcombat\debug\turnbasedcombat.tlog\link-rc.read.1.tlog
g:\variety projects\combat system\turnbasedcombat\debug\turnbasedcombat.tlog\link-rc.write.1.tlog
g:\variety projects\combat system\turnbasedcombat\debug\turnbasedcombat.tlog\link.9760-cvtres.read.1.tlog
g:\variety projects\combat system\turnbasedcombat\debug\turnbasedcombat.tlog\link.9760-cvtres.write.1.tlog
g:\variety projects\combat system\turnbasedcombat\debug\turnbasedcombat.tlog\link.9760-rc.read.1.tlog
g:\variety projects\combat system\turnbasedcombat\debug\turnbasedcombat.tlog\link.9760-rc.write.1.tlog
g:\variety projects\combat system\turnbasedcombat\debug\turnbasedcombat.tlog\link.9760.read.1.tlog
g:\variety projects\combat system\turnbasedcombat\debug\turnbasedcombat.tlog\link.9760.write.1.tlog
g:\variety projects\combat system\turnbasedcombat\debug\turnbasedcombat.tlog\link.command.1.tlog
g:\variety projects\combat system\turnbasedcombat\debug\turnbasedcombat.tlog\link.read.1.tlog
g:\variety projects\combat system\turnbasedcombat\debug\turnbasedcombat.tlog\link.write.1.tlog
